<?xml version="1.0" encoding="UTF-8"?>
<!-- Generated by org.testng.reporters.JUnitXMLReporter -->
<testsuite hostname="Santhanam" ignored="2" name="Default test(failed)(failed)" tests="2" failures="0" timestamp="06 May 2023 16:52:19 GMT" time="99.854" errors="0">
  <testcase name="@BeforeMethod loginTo" time="0.0" classname="com.openmrs.testcase.TC_Register">
    <failure type="java.lang.Exception" message="Exception Occured while logging into  application ">
      <![CDATA[java.lang.Exception: Exception Occured while logging into  application 
	at com.openmrs.testcase.BaseClass.loginToOpenMRS(BaseClass.java:54)
	at com.openmrs.testcase.TC_Register.loginTo(TC_Register.java:14)
... Removed 27 stack frames]]>
    </failure>
  </testcase> <!-- @BeforeMethod loginTo -->
  <testcase name="@AfterMethod logOut" time="0.0" classname="com.openmrs.testcase.TC_Register">
    <skipped/>
  </testcase> <!-- @AfterMethod logOut -->
  <testcase name="ConfirmPatientDetails" time="22.91" classname="com.openmrs.testcase.TC_Register"/>
  <testcase name="PatientDetails" time="0.019" classname="com.openmrs.testcase.TC_Register">
    <skipped/>
  </testcase> <!-- PatientDetails -->
  <testcase name="PatientName" time="0.0" classname="com.openmrs.testcase.TC_Register">
    <ignored/>
  </testcase> <!-- PatientName -->
  <testcase name="RegisterPatient" time="0.0" classname="com.openmrs.testcase.TC_Register">
    <ignored/>
  </testcase> <!-- RegisterPatient -->
</testsuite> <!-- Default test(failed)(failed) -->
