<?xml version="1.0" encoding="UTF-8"?>
<!-- Generated by org.testng.reporters.JUnitXMLReporter -->
<testsuite hostname="Santhanam" ignored="3" name="Default test(failed)(failed)(failed)" tests="1" failures="0" timestamp="06 May 2023 16:53:46 GMT" time="61.071" errors="0">
  <testcase name="PatientDetails" time="32.524" classname="com.openmrs.testcase.TC_Register"/>
  <testcase name="ConfirmPatientDetails" time="0.0" classname="com.openmrs.testcase.TC_Register">
    <ignored/>
  </testcase> <!-- ConfirmPatientDetails -->
  <testcase name="PatientName" time="0.0" classname="com.openmrs.testcase.TC_Register">
    <ignored/>
  </testcase> <!-- PatientName -->
  <testcase name="RegisterPatient" time="0.0" classname="com.openmrs.testcase.TC_Register">
    <ignored/>
  </testcase> <!-- RegisterPatient -->
</testsuite> <!-- Default test(failed)(failed)(failed) -->
